======================================================================
τ(L)=#spanning trees(L×L torus) の素因数分解と v_p 則
======================================================================
  L= 2: τ=4
        = 2^2
  L= 3: τ=11664
        = 2^4 * 3^6
  L= 4: τ=42467328
        = 2^19 * 3^4
  L= 5: τ=1562500000000
        = 2^8 * 5^14
  L= 6: τ=587312954081280000
        = 2^29 * 3^6 * 5^4 * 7^4
  L= 7: τ=2266101334892340404752384
        = 2^12 * 7^14 * 13^8
  L= 8: τ=89927963805390785392395474173952
        = 2^61 * 3^4 * 7^8 * 17^4
  L= 9: τ=36735015407753190053984060991247792275456
        = 2^16 * 3^28 * 17^8 * 37^8
  L=10: τ=154528563849617762057150663767149772800000000000000
        = 2^53 * 3^8 * 5^14 * 11^8 * 29^4 * 41^4
  L=11: τ=6695315138840257072470706538467584763944601124280722177130496
        = 2^20 * 11^22 * 89^8 * 109^8
  L=12: τ=2988261050194524354905788561306684986719151138816261548408832000000000000
        = 2^83 * 3^30 * 5^12 * 7^4 * 11^12 * 13^8

--- v_p(τ(L)) を p 別に(L=2..12) ---
  p= 2: [2, 4, 19, 8, 29, 12, 61, 16, 53, 20, 83]
  p= 3: [0, 6, 4, 0, 6, 0, 4, 28, 8, 0, 30]
  p= 5: [0, 0, 0, 14, 4, 0, 0, 0, 14, 0, 12]
  p= 7: [0, 0, 0, 0, 4, 14, 8, 0, 0, 0, 4]
  p=11: [0, 0, 0, 0, 0, 0, 0, 0, 8, 22, 12]
  p=13: [0, 0, 0, 0, 0, 8, 0, 0, 0, 0, 8]

--- 素数 L=p での v_p(τ(p)) ---
  L=p=2: v_p(τ(p))=2
  L=p=3: v_p(τ(p))=6
  L=p=5: v_p(τ(p))=14
  L=p=7: v_p(τ(p))=14
  L=p=11: v_p(τ(p))=22

======================================================================
観察: v_p(τ(L)) の L 依存則を読む(下の README に記述)。
 全て有限 L で厳密整数=決定可能(Λ側)。ℝ側は (1/L^2)logτ→4G/π。
======================================================================
