======================================================================
XXZ 有限 N スペクトルの ℚ̄ 帰属 / 最小多項式 witness 検証
======================================================================

#### 異方性 Delta = 1/2  (有理点, ℝ 不使用)
  N=2: dim=4, charpoly∈QQ[x] deg=4, 既約分解の因子数=3, 全固有値∈QQbar=True, 固有値の最小多項式次数=[1]
  N=3: dim=8, charpoly∈QQ[x] deg=8, 既約分解の因子数=3, 全固有値∈QQbar=True, 固有値の最小多項式次数=[1]
     charpoly factor over QQ: (x - 7/2)^2 * (x - 3/2)^2 * (x + 5/2)^4
  N=4: dim=16, charpoly∈QQ[x] deg=16, 既約分解の因子数=6, 全固有値∈QQbar=True, 固有値の最小多項式次数=[1, 2]

#### 異方性 Delta = 2  (有理点, ℝ 不使用)
  N=2: dim=4, charpoly∈QQ[x] deg=4, 既約分解の因子数=3, 全固有値∈QQbar=True, 固有値の最小多項式次数=[1]
  N=3: dim=8, charpoly∈QQ[x] deg=8, 既約分解の因子数=3, 全固有値∈QQbar=True, 固有値の最小多項式次数=[1]
     charpoly factor over QQ: (x - 6)^2 * (x - 2)^2 * (x + 4)^4
  N=4: dim=16, charpoly∈QQ[x] deg=16, 既約分解の因子数=6, 全固有値∈QQbar=True, 固有値の最小多項式次数=[1, 2]

#### 異方性 Delta = -1/3  (有理点, ℝ 不使用)
  N=2: dim=4, charpoly∈QQ[x] deg=4, 既約分解の因子数=3, 全固有値∈QQbar=True, 固有値の最小多項式次数=[1]
  N=3: dim=8, charpoly∈QQ[x] deg=8, 既約分解の因子数=3, 全固有値∈QQbar=True, 固有値の最小多項式次数=[1]
     charpoly factor over QQ: (x - 13/3)^2 * (x + 1)^2 * (x + 5/3)^4
  N=4: dim=16, charpoly∈QQ[x] deg=16, 既約分解の因子数=6, 全固有値∈QQbar=True, 固有値の最小多項式次数=[1, 2]

======================================================================
結論:
 - XXZ(相互作用可積分, 熱力学極限の相関は未解決母集団)で、
   有限 N のスペクトルは整係数/有理係数特性多項式の根 = QQbar に住む(厳密)。
 - 各固有値は ℚ̄ 上の最小多項式を witness にもち、等号・順序は根分離で決定可能。
 - ℝ は一切使用していない(Delta は有理, 固有値は代数的数)。
 - ℝ 脱出は N→∞ の極限(相関の閉形式)側にのみ生じ、本計算には現れない。
======================================================================
