======================================================================
カイラル Potts N=2 スペクトルの λ 依存 (Onsager 分散の確認)
======================================================================
N=2: charpoly 因数分解(因子, λ 依存):
  [deg1, x1] 固有値 = lam - 1
  [deg1, x1] 固有値 = lam + 1
  [deg1, x1] 固有値 = -2*lam
  [deg1, x2] 固有値 = lam
  [deg2, x1] x^2+(lam + 1)x+(-2*lam^2 + 2*lam - 2); 判別式 disc(λ)=9*lam^2 - 6*lam + 9
  [deg2, x1] x^2+(lam - 1)x+(-2*lam^2 - 2*lam - 2); 判別式 disc(λ)=9*lam^2 + 6*lam + 9

 判別式(λの式)を 1+λ^2-2λcosθ 型と照合:
   disc=9*lam^2 - 6*lam + 9  係数[定数,λ,λ^2]=[9, -6, 9]
     → A=9, λ^2 係数で割ると λ^2 + (-2/3)λ + (1); 
        Onsager 型 (λ^2 -2cosθ λ +1) と比較: 定数項=1(=1なら適合), cosθ=--2/3/2=1/3
   disc=9*lam^2 + 6*lam + 9  係数[定数,λ,λ^2]=[9, 6, 9]
     → A=9, λ^2 係数で割ると λ^2 + (2/3)λ + (1); 
        Onsager 型 (λ^2 -2cosθ λ +1) と比較: 定数項=1(=1なら適合), cosθ=-2/3/2=-1/3

======================================================================
読み: 判別式が A(λ^2 - 2cosθ λ + 1) の形なら Onsager 分散 √(1+λ^2-2λcosθ) を確認。
 cosθ が代数的(cubic 等)なら全体次数に 3,6 が出る(cycle6 の説明と整合)。
======================================================================
