======================================================================
カイラル Potts N=3: λ 記号スペクトルと運動量 cosθ_k
======================================================================
因数分解中(27次, 時間がかかる場合あり)...
  deg1(x) x1: 高次因子(cubic 等の運動量を符号化)
  deg1(x) x1: 高次因子(cubic 等の運動量を符号化)
  deg1(x) x4: 高次因子(cubic 等の運動量を符号化)
  deg1(x) x4: 高次因子(cubic 等の運動量を符号化)
  deg1(x) x5: 高次因子(cubic 等の運動量を符号化)
  deg2(x) x1: disc=9*lam^2 + 6*lam + 9 → 1+λ²-2λ·(-1/3),  cosθ=-1/3
  deg2(x) x1: disc=9*lam^2 - 6*lam + 9 → 1+λ²-2λ·(1/3),  cosθ=1/3
  deg2(x) x1: disc=9*lam^2 + 6*lam + 9 → 1+λ²-2λ·(-1/3),  cosθ=-1/3
  deg2(x) x1: disc=9*lam^2 - 6*lam + 9 → 1+λ²-2λ·(1/3),  cosθ=1/3
  deg4(x) x1: 高次因子(cubic 等の運動量を符号化)

  因子次数分布(x について): {1: 15, 2: 4, 4: 1}
  抽出された cosθ_k(deg2 由来): [-1/3, 1/3]

======================================================================
読み: deg2 因子から cosθ を直接抽出。高次因子は cosθ が cubic 等(非2冪次数の由来)。
 N とともに cosθ_k が [-1,1] を稠密化 → 連続分散 ε(θ)=√(1+λ²-2λcosθ)(ℝ脱出一点)。
======================================================================
