======================================================================
3-状態 Potts: Z_{N,L}=Tr T^N, Φ_N∈Λ, v_p 則の普遍性
======================================================================

#### q=3, L=2, x=2 ; dim=9
   Z_N(1..6)=[72, 1458, 40428, 1248498, 40193172, 1315237914]
   Φ_1=3*l_2 + 2*l_3, Φ_2=1*l_2 + 6*l_3, Φ_3=2*l_2 + 2*l_3 + 1*l_1123
   p=2: μ_min=0, v_p[1..10]=[3, 1, 2, 1, 2, 1, 2, 1, 2, 1], 残差最終周期=2 =>予想成立=True
   p=3: μ_min=0, v_p[1..10]=[2, 6, 2, 2, 5, 2, 2, 5, 2, 2], 残差最終周期=None =>予想成立=False

#### q=3, L=2, x=3 ; dim=9
   Z_N(1..6)=[297, 22833, 2068401, 196775169, 19358322417, 1956102213153]
   Φ_1=3*l_3 + 1*l_11, Φ_2=2*l_3 + 1*l_43 + 1*l_59, Φ_3=1*l_3 + 1*l_689467
   p=3: μ_min=0, v_p[1..10]=[3, 2, 1, 1, 2, 1, 1, 2, 1, 1], 残差最終周期=None =>予想成立=False
   p=7: μ_min=0, v_p[1..10]=[0, 0, 0, 0, 1, 0, 0, 1, 1, 0], 残差最終周期=1 =>予想成立=True

#### q=3, L=3, x=2 ; dim=27
   Z_N(1..6)=[528, 40428, 5131452, 761355108, 119523791628, 19194984322020]
   Φ_1=4*l_2 + 1*l_3 + 1*l_11, Φ_2=2*l_2 + 2*l_3 + 1*l_1123, Φ_3=2*l_2 + 1*l_3 + 1*l_427621
   p=2: μ_min=0, v_p[1..10]=[4, 2, 2, 2, 2, 2, 2, 2, 2, 2], 残差最終周期=1 =>予想成立=True
   p=3: μ_min=0, v_p[1..10]=[1, 2, 1, 2, 2, 3, 1, 2, 1, 3], 残差最終周期=None =>予想成立=False
   p=5: μ_min=0, v_p[1..10]=[0, 0, 0, 0, 0, 1, 0, 0, 0, 0], 残差最終周期=1 =>予想成立=True

======================================================================
結論: Potts でも Z_N∈ℤ, Φ_N∈Λ。v_p 則(μ_min·N+最終周期)が同様に成立
 (SML 例外を除き)。⇒ D-U2 の構造は六頂点固有でなく整数転送行列に普遍。
======================================================================
