======================================================================
P(z)=z-c, a_L=c^L-1: ℝ側 m(P)=log c, Λ側 v_p=LTE
======================================================================

#### c=2: m(P)=log 2 = 0.693147 (ℝ/自由エネルギー)
     (1/L)log|a_L| (L=12) = 0.693127  → log c
   p=3: ord_p(2)=2, LTE 予測=実測(L=1..24): True; v_p(c^L-1) L=1..12: [0, 1, 0, 1, 0, 2, 0, 1, 0, 1, 0, 2]
        岩澤塔 v_p(c^(p^n)-1) n=0..3: [0, 0, 0, 0]  (線形成長率=μ_p; ord が p 冪でなければ μ_p=0)
   p=5: ord_p(2)=4, LTE 予測=実測(L=1..24): True; v_p(c^L-1) L=1..12: [0, 0, 0, 1, 0, 0, 0, 1, 0, 0, 0, 1]
        岩澤塔 v_p(c^(p^n)-1) n=0..3: [0, 0, 0, 0]  (線形成長率=μ_p; ord が p 冪でなければ μ_p=0)
   p=7: ord_p(2)=3, LTE 予測=実測(L=1..24): True; v_p(c^L-1) L=1..12: [0, 0, 1, 0, 0, 1, 0, 0, 1, 0, 0, 1]
        岩澤塔 v_p(c^(p^n)-1) n=0..3: [0, 0, 0, 0]  (線形成長率=μ_p; ord が p 冪でなければ μ_p=0)
   p=11: ord_p(2)=10, LTE 予測=実測(L=1..24): True; v_p(c^L-1) L=1..12: [0, 0, 0, 0, 0, 0, 0, 0, 0, 1, 0, 0]
        岩澤塔 v_p(c^(p^n)-1) n=0..3: [0, 0, 0, 0]  (線形成長率=μ_p; ord が p 冪でなければ μ_p=0)

#### c=3: m(P)=log 3 = 1.098612 (ℝ/自由エネルギー)
     (1/L)log|a_L| (L=12) = 1.098612  → log c
   p=5: ord_p(3)=4, LTE 予測=実測(L=1..24): True; v_p(c^L-1) L=1..12: [0, 0, 0, 1, 0, 0, 0, 1, 0, 0, 0, 1]
        岩澤塔 v_p(c^(p^n)-1) n=0..3: [0, 0, 0, 0]  (線形成長率=μ_p; ord が p 冪でなければ μ_p=0)
   p=7: ord_p(3)=6, LTE 予測=実測(L=1..24): True; v_p(c^L-1) L=1..12: [0, 0, 0, 0, 0, 1, 0, 0, 0, 0, 0, 1]
        岩澤塔 v_p(c^(p^n)-1) n=0..3: [0, 0, 0, 0]  (線形成長率=μ_p; ord が p 冪でなければ μ_p=0)
   p=11: ord_p(3)=5, LTE 予測=実測(L=1..24): True; v_p(c^L-1) L=1..12: [0, 0, 0, 0, 2, 0, 0, 0, 0, 2, 0, 0]
        岩澤塔 v_p(c^(p^n)-1) n=0..3: [0, 0, 0, 0]  (線形成長率=μ_p; ord が p 冪でなければ μ_p=0)

======================================================================
結論:
 - ℝ側: (1/L)log|a_L| → log c = Mahler 測度(=自由エネルギー). 滑らかな極限.
 - Λ側: v_p(c^L-1) は LTE で厳密・決定可能(ord_p(c)|L 条件 + v_p(L) 成長).
   これが Λ側の本体(円分/LTE 構造). 岩澤 μ_p(塔の線形成長率)は ord_p(c) が
   p 冪でなければ 0(岩澤 μ=0 領域, 非自明は稀=Wieferich 的).
 ⇒ 双対の Λ側の豊かさは単一数 μ_p でなく全 L の LTE 構造にある. これは決定可能・形式検証可能.
======================================================================
