======================================================================
六頂点 Z_{N,L}=Tr T^N ∈ ℤ と Massieu Φ_N=log Z_N ∈ Λ
======================================================================

#### 整数重み (a,b,c)=(1,1,1)
  L=2: T は 4×4 整数行列, 全固有値∈QQbar=True
    N=1: Z=8, Φ_N=log Z ∈ Λ: 3*l_2
    N=2: Z=18, Φ_N=log Z ∈ Λ: 1*l_2 + 2*l_3
    N=3: Z=44, Φ_N=log Z ∈ Λ: 2*l_2 + 1*l_11
    N=4: Z=114, Φ_N=log Z ∈ Λ: 1*l_2 + 1*l_3 + 1*l_19
    N=5: Z=308, Φ_N=log Z ∈ Λ: 2*l_2 + 1*l_7 + 1*l_11
    N=6: Z=858, Φ_N=log Z ∈ Λ: 1*l_2 + 1*l_3 + 1*l_11 + 1*l_13
  L=3: T は 8×8 整数行列, 全固有値∈QQbar=True
    N=1: Z=16, Φ_N=log Z ∈ Λ: 4*l_2
    N=2: Z=44, Φ_N=log Z ∈ Λ: 2*l_2 + 1*l_11
    N=3: Z=148, Φ_N=log Z ∈ Λ: 2*l_2 + 1*l_37
    N=4: Z=548, Φ_N=log Z ∈ Λ: 2*l_2 + 1*l_137
    N=5: Z=2116, Φ_N=log Z ∈ Λ: 2*l_2 + 2*l_23
    N=6: Z=8324, Φ_N=log Z ∈ Λ: 2*l_2 + 1*l_2081

#### 整数重み (a,b,c)=(2,1,1)
  L=2: T は 4×4 整数行列, 全固有値∈QQbar=True
    N=1: Z=18, Φ_N=log Z ∈ Λ: 1*l_2 + 2*l_3
    N=2: Z=84, Φ_N=log Z ∈ Λ: 2*l_2 + 1*l_3 + 1*l_7
    N=3: Z=402, Φ_N=log Z ∈ Λ: 1*l_2 + 1*l_3 + 1*l_67
    N=4: Z=1956, Φ_N=log Z ∈ Λ: 2*l_2 + 1*l_3 + 1*l_163
    N=5: Z=9618, Φ_N=log Z ∈ Λ: 1*l_2 + 1*l_3 + 1*l_7 + 1*l_229
    N=6: Z=47604, Φ_N=log Z ∈ Λ: 2*l_2 + 1*l_3 + 1*l_3967
  L=3: T は 8×8 整数行列, 全固有値∈QQbar=True
    N=1: Z=54, Φ_N=log Z ∈ Λ: 1*l_2 + 3*l_3
    N=2: Z=402, Φ_N=log Z ∈ Λ: 1*l_2 + 1*l_3 + 1*l_67
    N=3: Z=3240, Φ_N=log Z ∈ Λ: 3*l_2 + 4*l_3 + 1*l_5
    N=4: Z=27522, Φ_N=log Z ∈ Λ: 1*l_2 + 2*l_3 + 1*l_11 + 1*l_139
    N=5: Z=240894, Φ_N=log Z ∈ Λ: 1*l_2 + 4*l_3 + 1*l_1487
    N=6: Z=2141208, Φ_N=log Z ∈ Λ: 3*l_2 + 3*l_3 + 1*l_23 + 1*l_431

#### 整数重み (a,b,c)=(1,1,2)
  L=2: T は 4×4 整数行列, 全固有値∈QQbar=True
    N=1: Z=8, Φ_N=log Z ∈ Λ: 3*l_2
    N=2: Z=48, Φ_N=log Z ∈ Λ: 4*l_2 + 1*l_3
    N=3: Z=224, Φ_N=log Z ∈ Λ: 5*l_2 + 1*l_7
    N=4: Z=1344, Φ_N=log Z ∈ Λ: 6*l_2 + 1*l_3 + 1*l_7
    N=5: Z=7808, Φ_N=log Z ∈ Λ: 7*l_2 + 1*l_61
    N=6: Z=46848, Φ_N=log Z ∈ Λ: 8*l_2 + 1*l_3 + 1*l_61
  L=3: T は 8×8 整数行列, 全固有値∈QQbar=True
    N=1: Z=16, Φ_N=log Z ∈ Λ: 4*l_2
    N=2: Z=224, Φ_N=log Z ∈ Λ: 5*l_2 + 1*l_7
    N=3: Z=1984, Φ_N=log Z ∈ Λ: 6*l_2 + 1*l_31
    N=4: Z=20096, Φ_N=log Z ∈ Λ: 7*l_2 + 1*l_157
    N=5: Z=199936, Φ_N=log Z ∈ Λ: 8*l_2 + 1*l_11 + 1*l_71
    N=6: Z=2000384, Φ_N=log Z ∈ Λ: 9*l_2 + 1*l_3907

======================================================================
結論:
 - 整数重みで Z_{N,L}=Tr T^N は正の整数 ⇒ Φ_N=log Z_N は素因数分解ベクトル∈Λ(厳密)。
 - 等号・順序は素因数分解・整数比較で決定可能。ℝ 不使用。
 - Z_N=Σλ_i^N(λ_i∈QQbar) なので Φ の N 依存は代数的固有値が支配(D-U1)。
 - 六頂点の熱力学極限(相関の閉形式)は未解決母集団だが、有限 N の Φ は Λ で完全に閉じる。
======================================================================
