======================================================================
六頂点 Z_{N,L}=Tr T^N の v_p(Z_N) の N 依存則
======================================================================

#### (a,b,c)=(1,1,2), L=2 ; charpoly(T)=(x - 6) * (x + 2) * (x - 2)^2
   Z_N (N=1..8): [8, 48, 224, 1344, 7808, 46848, 280064, 1680384]
   p=2: v_p(Z_N) N=1..12 = [3, 4, 5, 6, 7, 8, 9, 10, 11, 12, 13, 14]  [末尾線形, 傾き 1]  [Z_N mod 2 周期≈1]
   p=3: v_p(Z_N) N=1..12 = [0, 1, 0, 1, 0, 1, 0, 1, 0, 1, 0, 1]  [Z_N mod 3 周期≈2]
   p=7: v_p(Z_N) N=1..12 = [0, 0, 1, 1, 0, 0, 0, 0, 1, 1, 0, 0]  [Z_N mod 7 周期≈6]

#### (a,b,c)=(1,1,2), L=3 ; charpoly(T)=(x - 10)^2 * (x - 2)^2 * (x + 2)^4
   Z_N (N=1..8): [16, 224, 1984, 20096, 199936, 2000384, 19999744, 200001536]
   p=2: v_p(Z_N) N=1..12 = [4, 5, 6, 7, 8, 9, 10, 11, 12, 13, 14, 15]  [末尾線形, 傾き 1]  [Z_N mod 2 周期≈1]
   p=7: v_p(Z_N) N=1..12 = [0, 1, 0, 0, 0, 0, 0, 2, 0, 0, 0, 0]  [Z_N mod 7 周期≈6]

#### (a,b,c)=(1,1,1), L=2 ; charpoly(T)=(x - 3) * (x - 1) * (x - 2)^2
   Z_N (N=1..8): [8, 18, 44, 114, 308, 858, 2444, 7074]
   p=2: v_p(Z_N) N=1..12 = [3, 1, 2, 1, 2, 1, 2, 1, 2, 1, 2, 1]  [Z_N mod 2 周期≈1]
   p=3: v_p(Z_N) N=1..12 = [0, 2, 0, 1, 0, 1, 0, 3, 0, 1, 0, 1]  [Z_N mod 3 周期≈2]
   p=7: v_p(Z_N) N=1..12 = [0, 0, 0, 0, 1, 0, 0, 0, 0, 0, 1, 0]  [Z_N mod 7 周期≈6]

#### (a,b,c)=(2,1,1), L=2 ; charpoly(T)=(x - 3) * (x - 5)^3
   Z_N (N=1..8): [18, 84, 402, 1956, 9618, 47604, 236562, 1178436]
   p=2: v_p(Z_N) N=1..12 = [1, 2, 1, 2, 1, 2, 1, 2, 1, 2, 1, 2]  [Z_N mod 2 周期≈1]
   p=3: v_p(Z_N) N=1..12 = [2, 1, 1, 1, 1, 1, 1, 1, 1, 1, 1, 1]  [末尾線形, 傾き 0]  [Z_N mod 3 周期≈1]
   p=7: v_p(Z_N) N=1..12 = [0, 1, 0, 0, 1, 0, 0, 1, 0, 0, 1, 0]  [Z_N mod 7 周期≈6]

#### (a,b,c)=(1,2,1), L=2 ; charpoly(T)=(x - 3) * (x - 5)^3
   Z_N (N=1..8): [18, 84, 402, 1956, 9618, 47604, 236562, 1178436]
   p=2: v_p(Z_N) N=1..12 = [1, 2, 1, 2, 1, 2, 1, 2, 1, 2, 1, 2]  [Z_N mod 2 周期≈1]
   p=3: v_p(Z_N) N=1..12 = [2, 1, 1, 1, 1, 1, 1, 1, 1, 1, 1, 1]  [末尾線形, 傾き 0]  [Z_N mod 3 周期≈1]
   p=7: v_p(Z_N) N=1..12 = [0, 1, 0, 0, 1, 0, 0, 1, 0, 0, 1, 0]  [Z_N mod 7 周期≈6]

======================================================================
観察まとめは README.md に記述。要点: v_p(Z_N) は (i)恒0, (ii)末尾線形,
(iii)周期的(Z_N mod p^k の最終周期に対応) のいずれか。すべて決定可能・ℝ 不使用。
======================================================================
