======================================================================
可積分スピン1鎖(Babujian–Takhtajan)の有限 N スペクトル ∈ ℚ̄
======================================================================

N=2: dim=9, H 成分は有理=True, charpoly∈QQ[x] deg=9
   全固有値∈QQbar=True, 固有値の最小多項式次数=[1]
   charpoly 既約分解(次数別の因子数): [(1, 1), (1, 3), (1, 5)]
   (この N では全固有値が有理)

N=3: dim=27, H 成分は有理=True, charpoly∈QQ[x] deg=27
   全固有値∈QQbar=True, 固有値の最小多項式次数=[1]
   charpoly 既約分解(次数別の因子数): [(1, 1), (1, 3), (1, 6), (1, 7), (1, 10)]
   (この N では全固有値が有理)

N=4: dim=81, H 成分は有理=True, charpoly∈QQ[x] deg=81
   全固有値∈QQbar=True, 固有値の最小多項式次数=[1, 2]
   charpoly 既約分解(次数別の因子数): [(1, 1), (1, 3), (1, 3), (1, 9), (1, 10), (1, 14), (1, 17), (2, 1), (2, 5), (2, 6)]

======================================================================
結論:
 - 高スピン可積分(スピン1 BT)でも有限 N スペクトルは QQbar・最小多項式 witness・決定可能。
 - ℝ 不使用。極限(Haldane ギャップ/相関の閉形式=未解決)のみが ℝ 側。
 - 六頂点(スピン1/2)で見た構造的分離が高スピンでも保たれる(C-U3 の射程確認)。
======================================================================
