======================================================================
カイラル Potts √集合(2次因子判別式)の N 依存
======================================================================

#### λ=1
  N=2: dim=9, 因子次数=[1, 2], 判別式集合=[12, 24]
        √中身(squarefree 部)=[3, 6]
  N=3: dim=27, 因子次数=[1, 2], 判別式集合=[12, 24, 60]
        √中身(squarefree 部)=[3, 6, 15]
  N=4: dim=81, 因子次数=[1, 2, 3, 4, 6, 8], 判別式集合=[12, 24]
        √中身(squarefree 部)=[3, 6]
  N=5: dim=243, 因子次数=[1, 2, 3, 4, 6, 8, 16, 20, 40], 判別式集合=[12, 24]
        √中身(squarefree 部)=[3, 6]

#### λ=1/2
  N=2: dim=9, 因子次数=[1, 2], 判別式集合=[33/4, 57/4]
        √中身(squarefree 部)=[33, 57]
  N=3: dim=27, 因子次数=[1, 2, 4], 判別式集合=[33/4, 57/4]
        √中身(squarefree 部)=[33, 57]
  N=4: dim=81, 因子次数=[1, 2, 4, 6, 8], 判別式集合=[33/4, 57/4]
        √中身(squarefree 部)=[33, 57]
  N=5: dim=243, 因子次数=[1, 2, 4, 6, 8, 16, 40], 判別式集合=[33/4, 57/4]
        √中身(squarefree 部)=[33, 57]

======================================================================
読み: √中身(squarefree)の集合が N でどう増えるか = Onsager フェルミオン準位の
 量子化運動量に対応。集合が安定/規則増加なら極限分散への外挿候補。
 全て有限 N で ℚ̄ 決定可能。
======================================================================
