======================================================================
π(p,1) の閉形: lcm{固有値の F̄_p 乗法的順序} との一致
======================================================================
  (1,1,2)L=2, p=5: π(p,1)=4, lcm(ord)=4  [=]
  (1,1,2)L=2, p=7: π(p,1)=6, lcm(ord)=6  [=]
  (1,1,2)L=2, p=11: π(p,1)=10, lcm(ord)=10  [=]
  (1,1,2)L=2, p=13: π(p,1)=12, lcm(ord)=12  [=]
  (1,1,1)L=2, p=5: π(p,1)=4, lcm(ord)=4  [=]
  (1,1,1)L=2, p=7: π(p,1)=6, lcm(ord)=6  [=]
  (1,1,1)L=2, p=11: π(p,1)=10, lcm(ord)=10  [=]
  (1,1,1)L=2, p=13: π(p,1)=12, lcm(ord)=12  [=]
  (2,1,1)L=2, p=7: π(p,1)=6, lcm(ord)=6  [=]
  (2,1,1)L=2, p=11: π(p,1)=5, lcm(ord)=5  [=]
  (2,1,1)L=2, p=13: π(p,1)=12, lcm(ord)=12  [=]
  (1,2,1)L=2, p=7: π(p,1)=6, lcm(ord)=6  [=]
  (1,2,1)L=2, p=11: π(p,1)=5, lcm(ord)=5  [=]
  (1,2,1)L=2, p=13: π(p,1)=12, lcm(ord)=12  [=]
  (1,1,2)L=3, p=3: π(p,1)=2, lcm(ord)=2  [=]
  (1,1,2)L=3, p=7: π(p,1)=6, lcm(ord)=6  [=]
  (1,1,2)L=3, p=11: π(p,1)=10, lcm(ord)=10  [=]
  (1,1,2)L=3, p=13: π(p,1)=12, lcm(ord)=12  [=]
  (2,1,3)L=2, p=3: π(p,1)=2, lcm(ord)=2  [=]
  (2,1,3)L=2, p=7: π(p,1)=6, lcm(ord)=6  [=]
  (2,1,3)L=2, p=11: π(p,1)=10, lcm(ord)=10  [=]
  (3,1,2)L=2, p=3: π(p,1)=2, lcm(ord)=2  [=]
  (3,1,2)L=2, p=7: π(p,1)=6, lcm(ord)=6  [=]
  (3,1,2)L=2, p=11: π(p,1)=10, lcm(ord)=10  [=]
  (3,1,2)L=2, p=13: π(p,1)=12, lcm(ord)=12  [=]

  合計 25: π=lcm が 25 件, π|lcm が 25 件

======================================================================
結論: π(p,1) | lcm{固有値の F̄_p 乗法的順序}(rigorous, 全例成立)。generic に等号。
 ⇒ D-U2 命題 A の周期 π(p,k) | p^{k-1}·lcm{ord} = 決定可能な閉形上界(固有値順序から)。
 Wall 等号は棄却済だが、この上界は不変・rigorous・決定可能。
======================================================================
