======================================================================
T3: π(p,k) | p^{k-1}π(p,1) (rigorous) と 等号(Wall 型予想)の検証
======================================================================

#### (a,b,c)=(1,1,2),L=2, d=4, det T=-48, det 因数分解=-1 * 2^4 * 3
   p=3 (p|det: μ_min>0 側, 別扱い): π(p,1..3)=[2, 6, 18]; 上界 π(p,k)|p^(k-1)π(p,1)=True; Wall 等式 π(p,k)=p^(k-1)π(p,1)=True
   p=5: π(p,1..3)=[4, 20, 100]; 上界 π(p,k)|p^(k-1)π(p,1)=True; Wall 等式 π(p,k)=p^(k-1)π(p,1)=True
   p=7: π(p,1..3)=[6, 42, 294]; 上界 π(p,k)|p^(k-1)π(p,1)=True; Wall 等式 π(p,k)=p^(k-1)π(p,1)=True

#### (a,b,c)=(1,1,1),L=2, d=4, det T=12, det 因数分解=2^2 * 3
   p=3 (p|det: μ_min>0 側, 別扱い): π(p,1..3)=[2, 6, 18]; 上界 π(p,k)|p^(k-1)π(p,1)=True; Wall 等式 π(p,k)=p^(k-1)π(p,1)=True
   p=5: π(p,1..3)=[4, 20, 100]; 上界 π(p,k)|p^(k-1)π(p,1)=True; Wall 等式 π(p,k)=p^(k-1)π(p,1)=True
   p=7: π(p,1..3)=[6, 42, 294]; 上界 π(p,k)|p^(k-1)π(p,1)=True; Wall 等式 π(p,k)=p^(k-1)π(p,1)=True

#### (a,b,c)=(2,1,1),L=2, d=4, det T=375, det 因数分解=3 * 5^3
   p=3 (p|det: μ_min>0 側, 別扱い): π(p,1..3)=[2, 6, 18]; 上界 π(p,k)|p^(k-1)π(p,1)=True; Wall 等式 π(p,k)=p^(k-1)π(p,1)=True
   p=5 (p|det: μ_min>0 側, 別扱い): π(p,1..3)=[4, 20, 100]; 上界 π(p,k)|p^(k-1)π(p,1)=True; Wall 等式 π(p,k)=p^(k-1)π(p,1)=True
   p=7: π(p,1..3)=[6, 42, 294]; 上界 π(p,k)|p^(k-1)π(p,1)=True; Wall 等式 π(p,k)=p^(k-1)π(p,1)=True

======================================================================
結論:
 - π(p,k) | p^{k-1}π(p,1) は全例で成立(既知の rigorous 上界)。
 - Wall 等式 π(p,k)=p^{k-1}π(p,1)(p∤det)も全テスト例で成立(=予想と整合)。
   一般の Wall–Sun–Sun 型等式は未証明 ⇒ 『整数転送行列で Wall 等式が常に成り立つか』が
   T3 の pure-math 命題候補(証明 or 反例探索)。
======================================================================
