======================================================================
群1: 非退化 一般 companion で Wall 破れ
======================================================================
  非退化 d=2 検査数=472, Wall 破れ=10
   破れ: x^2-0x+-3, p=11: π(p,1)=10, π(p,2)=10
   破れ: x^2-0x+3, p=11: π(p,1)=20, π(p,2)=20
   破れ: x^2-2x+-1, p=13: π(p,1)=28, π(p,2)=28
   破れ: x^2-3x+3, p=11: π(p,1)=60, π(p,2)=60
   破れ: x^2-4x+-1, p=3: π(p,1)=8, π(p,2)=8
   破れ: x^2-5x+-1, p=3: π(p,1)=8, π(p,2)=8
   破れ: x^2-5x+-1, p=11: π(p,1)=24, π(p,2)=24
   破れ: x^2-6x+1, p=13: π(p,1)=14, π(p,2)=14
   破れ: x^2-7x+-1, p=5: π(p,1)=12, π(p,2)=12
   破れ: x^2-7x+1, p=3: π(p,1)=2, π(p,2)=2

  Pell x^2-2x-1 確認: p=13 -> (False, 28, 28); p=7 -> (True, 6, 42); p=29 -> (True, 20, 580)

======================================================================
群2: 非退化 可積分転送行列(六頂点) で Wall 破れ
======================================================================
  検査数=43, Wall 破れ=0

======================================================================
結論: 非退化に限定した比較。Pell(非退化)で破れがあれば『一般は非退化でも破れる』。
 可積分側に破れが無ければ可積分性の効果の証拠(ただし要・大規模化)。
======================================================================
