======================================================================
六頂点 Wall 大規模検査
======================================================================
  六頂点 L=2, 非退化, p∈{3,5,7}, p∤det: 検査=572, Wall 破れ=26, skip=0
   破れ: a,b,c,p=(1, 4, 6, 3)
   破れ: a,b,c,p=(1, 5, 6, 3)
   破れ: a,b,c,p=(2, 2, 6, 3)
   破れ: a,b,c,p=(2, 6, 4, 3)
   破れ: a,b,c,p=(2, 7, 3, 3)
   破れ: a,b,c,p=(2, 7, 6, 3)
   破れ: a,b,c,p=(3, 3, 5, 5)
   破れ: a,b,c,p=(3, 3, 7, 7)
   破れ: a,b,c,p=(3, 5, 2, 3)
   破れ: a,b,c,p=(3, 5, 7, 3)
   破れ: a,b,c,p=(3, 7, 4, 3)
   破れ: a,b,c,p=(3, 7, 5, 3)
   破れ: a,b,c,p=(4, 1, 6, 3)
   破れ: a,b,c,p=(4, 4, 5, 5)
   破れ: a,b,c,p=(4, 6, 2, 3)
   破れ: a,b,c,p=(5, 1, 6, 3)
   破れ: a,b,c,p=(5, 3, 2, 3)
   破れ: a,b,c,p=(5, 3, 7, 3)
   破れ: a,b,c,p=(6, 2, 4, 3)
   破れ: a,b,c,p=(6, 4, 2, 3)

======================================================================
結論は検査数と破れ数で判断(下の報告に記載)。
======================================================================
