======================================================================
群1: 一般 companion (d=2, Lucas 列) で Wall 等式
======================================================================
  検査(d=2 companion × 素数), Wall 破れ件数=18
   反例: x^2-1x+1, p=5: π(p,1)=6, π(p,2)=6 (≠ p·π1)
   反例: x^2-1x+1, p=7: π(p,1)=6, π(p,2)=6 (≠ p·π1)
   反例: x^2-1x+1, p=11: π(p,1)=6, π(p,2)=6 (≠ p·π1)
   反例: x^2-1x+1, p=13: π(p,1)=6, π(p,2)=6 (≠ p·π1)
   反例: x^2-2x+1, p=3: π(p,1)=1, π(p,2)=1 (≠ p·π1)
   反例: x^2-2x+1, p=5: π(p,1)=1, π(p,2)=1 (≠ p·π1)
   反例: x^2-2x+1, p=7: π(p,1)=1, π(p,2)=1 (≠ p·π1)
   反例: x^2-2x+1, p=11: π(p,1)=1, π(p,2)=1 (≠ p·π1)
   反例: x^2-2x+1, p=13: π(p,1)=1, π(p,2)=1 (≠ p·π1)
   反例: x^2-2x+-1, p=13: π(p,1)=28, π(p,2)=28 (≠ p·π1)

======================================================================
群2: 可積分転送行列(六頂点) で Wall 等式
======================================================================
  検査(六頂点 × 素数, p∤det), Wall 破れ件数=0

======================================================================
結論(暫定): 一般 companion(Lucas)での Wall 破れ件数と可積分での破れ件数を比較。
 破れが Lucas で有り・可積分で無し なら『可積分性が Wall 等式を保証』の証拠。
 両方無し(検査範囲)なら Wall-Sun-Sun の稀少性(既知)と整合し、特別性は未確定。
======================================================================
